c:\users\antonio\source\repos\sfmlprofject\sfmlprofject\x64\debug\vc142.pdb
c:\users\antonio\source\repos\sfmlprofject\sfmlprofject\x64\debug\vc142.idb
c:\users\antonio\source\repos\sfmlprofject\sfmlprofject\x64\debug\command.obj
c:\users\antonio\source\repos\sfmlprofject\sfmlprofject\x64\debug\world.obj
c:\users\antonio\source\repos\sfmlprofject\sfmlprofject\x64\debug\main.obj
c:\users\antonio\source\repos\sfmlprofject\sfmlprofject\x64\debug\snake.obj
c:\users\antonio\source\repos\sfmlprofject\sfmlprofject\x64\debug\state.obj
c:\users\antonio\source\repos\sfmlprofject\sfmlprofject\x64\debug\cspritesheet.obj
c:\users\antonio\source\repos\sfmlprofject\sfmlprofject\x64\debug\texturemanager.obj
c:\users\antonio\source\repos\sfmlprofject\sfmlprofject\x64\debug\statemanager.obj
c:\users\antonio\source\repos\sfmlprofject\sfmlprofject\x64\debug\eventhandler.obj
c:\users\antonio\source\repos\sfmlprofject\sfmlprofject\x64\debug\animation.obj
c:\users\antonio\source\repos\sfmlprofject\x64\debug\sfmlprofject.exe
c:\users\antonio\source\repos\sfmlprofject\x64\debug\sfmlprofject.ilk
c:\users\antonio\source\repos\sfmlprofject\x64\debug\sfmlprofject.pdb
c:\users\antonio\source\repos\sfmlprofject\sfmlprofject\x64\debug\sfmlprofject.tlog\cl.command.1.tlog
c:\users\antonio\source\repos\sfmlprofject\sfmlprofject\x64\debug\sfmlprofject.tlog\cl.read.1.tlog
c:\users\antonio\source\repos\sfmlprofject\sfmlprofject\x64\debug\sfmlprofject.tlog\cl.write.1.tlog
c:\users\antonio\source\repos\sfmlprofject\sfmlprofject\x64\debug\sfmlprofject.tlog\link.command.1.tlog
c:\users\antonio\source\repos\sfmlprofject\sfmlprofject\x64\debug\sfmlprofject.tlog\link.read.1.tlog
c:\users\antonio\source\repos\sfmlprofject\sfmlprofject\x64\debug\sfmlprofject.tlog\link.write.1.tlog
